ACQ
ACQ
Receive : ACQ
Send : ACK
Receive : ACQ
Send : ACK
Receive : ACQ
Send : ACK
Waiting for incomming connections...
Connection accepted
Receive : ACQ
Send : ACK
Bind failed
Waiting for incomming connections...
Connection accepted
Receive : ACQ
Send : ACK
Waiting for incomming connections...
Connection accepted
Receive : ACQ
Send : ACK
Long time not received any from agent .. exit ..
Waiting for incomming connections...
Connection accepted
Receive : ACQ
Send : ACK
Count 1
Count 2
Count 3
Count 4
Count 5
Count 6
Long time not received any from agent .. exit ..
Waiting for incomming connections...
Connection accepted
Receive : ACQ
Send : ACK
Long time not received any from agent .. exit ..
Waiting for incomming connections...
Connection accepted
Receive : ACQ
Send : ACK
Long time not received any from agent .. exit ..
Waiting for incomming connections...
Connection accepted
Receive : ACQ
Send : ACK
Connection close ..
Connection accepted
Receive : ACQ
Send : ACK
Connection close ..
Connection accepted
Receive : ACQ
Send : ACK
Connection close ..
Waiting for incomming connections...
Connection accepted
Receive : ACQ
Send : ACK
Connection close ..
Waiting for incomming connections...
Connection accepted
Receive : ACQ
Send : ACK
Connection close ..
Waiting for incomming connections...
Connection accepted
Receive : ACQ
Send : ACK
Waiting for incomming connections...
Connection accepted
Receive : ACQ
Send : ACK
Waiting for incomming connections...
Connection accepted
Receive : ACQ
Send : ACK
Bind failed
Waiting for incomming connections...
Connection accepted
Receive : ACQ
Send : ACK
Waiting for incomming connections...
Connection accepted
Receive : ACQ
Send : ACK
Waiting for incomming connections...
Connection accepted
Receive : ACQ
Send : ACK
Bind failed
Bind failed
Bind failed
Waiting for incomming connections...
Connection accepted
Receive : ACQ
Send : ACK
Bind failed
Waiting for incomming connections...
Connection accepted
Receive : ACQ
Send : ACK
Bind failed
Waiting for incomming connections...
Connection accepted
Receive : ACQ
Send : ACK
Waiting for incomming connections...
Connection accepted
Receive : ACQ
Send : ACK
Connection close ..
Connection accepted
Receive : ACQ
Send : ACK
Waiting for incomming connections...
Connection accepted
Receive : ACQ
Send : ACK
Bind failed
Bind failed
Waiting for incomming connections...
Connection accepted
Receive : ACQ
Send : ACK
Waiting for incomming connections...
Connection accepted
Receive : ACQ
Send : ACK
Bind failed
Waiting for incomming connections...
Connection accepted
Receive : ACQ
Send : ACK
Waiting for incomming connections...
Connection accepted
Receive : ACQ
Send : ACK
Waiting for incomming connections...
Connection accepted
Receive : ACQ
Send : ACK
Waiting for incomming connections...
Connection accepted
Receive : ACQ
Send : ACK
